<?xml version="1.0" encoding="UTF-8"?>
<testsuite name="ch2.PasswordStrengthMeterTest" tests="1" skipped="0" failures="0" errors="0" timestamp="2022-07-04T14:26:19" hostname="DESKTOP-5QOBE2F" time="0.019">
  <properties/>
  <testcase name="모든 조건을 충족하는 암호. 암호 강도는 강함" classname="ch2.PasswordStrengthMeterTest" time="0.019"/>
  <system-out><![CDATA[]]></system-out>
  <system-err><![CDATA[]]></system-err>
</testsuite>
