<?xml version="1.0" encoding="UTF-8"?>
<testsuite name="ch2.CalculatorTest" tests="1" skipped="0" failures="0" errors="0" timestamp="2022-07-04T06:40:58" hostname="DESKTOP-5QOBE2F" time="0.014">
  <properties/>
  <testcase name="plus()" classname="ch2.CalculatorTest" time="0.014"/>
  <system-out><![CDATA[]]></system-out>
  <system-err><![CDATA[]]></system-err>
</testsuite>
