<?xml version="1.0" encoding="UTF-8"?>
<testsuite name="ch2.PasswordStrengthMeterTest" tests="3" skipped="0" failures="0" errors="0" timestamp="2022-07-04T08:26:06" hostname="DESKTOP-5QOBE2F" time="0.019">
  <properties/>
  <testcase name="숫자를 포함하지 않고 나머지 조건을 만족하는 암호. 암호 강도는 보통" classname="ch2.PasswordStrengthMeterTest" time="0.016"/>
  <testcase name="모든 조건을 충족하는 암호. 암호 강도는 강함" classname="ch2.PasswordStrengthMeterTest" time="0.0"/>
  <testcase name="패스워드 길이가 8글자 미만이고 나머지 종건은 충족하는 암호. 암호 강도는 보통" classname="ch2.PasswordStrengthMeterTest" time="0.001"/>
  <system-out><![CDATA[]]></system-out>
  <system-err><![CDATA[]]></system-err>
</testsuite>
