<?xml version="1.0" encoding="UTF-8"?>
<testsuite name="ch2.PasswordStrengthMeterTest" tests="1" skipped="0" failures="0" errors="0" timestamp="2022-07-09T11:34:56" hostname="DESKTOP-5QOBE2F" time="0.023">
  <properties/>
  <testcase name="빈 문자열인 경우" classname="ch2.PasswordStrengthMeterTest" time="0.023"/>
  <system-out><![CDATA[]]></system-out>
  <system-err><![CDATA[]]></system-err>
</testsuite>
